{"total": {"lines":{"total":57,"covered":56,"skipped":0,"pct":98.24},"statements":{"total":66,"covered":64,"skipped":0,"pct":96.96},"functions":{"total":25,"covered":23,"skipped":0,"pct":92},"branches":{"total":67,"covered":60,"skipped":0,"pct":89.55},"branchesTrue":{"total":0,"covered":0,"skipped":0,"pct":"Unknown"}}
,"/home/runner/work/vue-search-input/vue-search-input/src/SearchInput.types.ts": {"lines":{"total":1,"covered":1,"skipped":0,"pct":100},"functions":{"total":0,"covered":0,"skipped":0,"pct":100},"statements":{"total":1,"covered":1,"skipped":0,"pct":100},"branches":{"total":0,"covered":0,"skipped":0,"pct":100}}
,"/home/runner/work/vue-search-input/vue-search-input/src/SearchInput.vue": {"lines":{"total":49,"covered":48,"skipped":0,"pct":97.95},"functions":{"total":23,"covered":21,"skipped":0,"pct":91.3},"statements":{"total":58,"covered":56,"skipped":0,"pct":96.55},"branches":{"total":62,"covered":55,"skipped":0,"pct":88.7}}
,"/home/runner/work/vue-search-input/vue-search-input/src/filterObject.ts": {"lines":{"total":7,"covered":7,"skipped":0,"pct":100},"functions":{"total":2,"covered":2,"skipped":0,"pct":100},"statements":{"total":7,"covered":7,"skipped":0,"pct":100},"branches":{"total":5,"covered":5,"skipped":0,"pct":100}}
,"/home/runner/work/vue-search-input/vue-search-input/src/styles.scss": {"lines":{"total":0,"covered":0,"skipped":0,"pct":100},"functions":{"total":0,"covered":0,"skipped":0,"pct":100},"statements":{"total":0,"covered":0,"skipped":0,"pct":100},"branches":{"total":0,"covered":0,"skipped":0,"pct":100}}
}
