{"total": {"lines":{"total":39,"covered":23,"skipped":0,"pct":58.97},"statements":{"total":40,"covered":24,"skipped":0,"pct":60},"functions":{"total":11,"covered":4,"skipped":0,"pct":36.36},"branches":{"total":26,"covered":2,"skipped":0,"pct":7.69},"branchesTrue":{"total":0,"covered":0,"skipped":0,"pct":"Unknown"}}
,"/home/runner/work/vue-search-input/vue-search-input/src/SearchInput.types.ts": {"lines":{"total":1,"covered":1,"skipped":0,"pct":100},"functions":{"total":0,"covered":0,"skipped":0,"pct":100},"statements":{"total":1,"covered":1,"skipped":0,"pct":100},"branches":{"total":0,"covered":0,"skipped":0,"pct":100}}
,"/home/runner/work/vue-search-input/vue-search-input/src/SearchInput.vue": {"lines":{"total":38,"covered":22,"skipped":0,"pct":57.89},"functions":{"total":11,"covered":4,"skipped":0,"pct":36.36},"statements":{"total":39,"covered":23,"skipped":0,"pct":58.97},"branches":{"total":26,"covered":2,"skipped":0,"pct":7.69}}
}
